  [1m[36m (86.8ms)[0m  [1mCREATE TABLE "schema_migrations" ("version" varchar NOT NULL) [0m
  [1m[35m (0.1ms)[0m  select sqlite_version(*)
  [1m[36m (99.8ms)[0m  [1mCREATE UNIQUE INDEX "unique_schema_migrations" ON "schema_migrations" ("version")[0m
  [1m[35mActiveRecord::SchemaMigration Load (0.1ms)[0m  SELECT "schema_migrations".* FROM "schema_migrations"
Migrating to CreateCalendars (20150413062454)
  [1m[36m (0.1ms)[0m  [1mbegin transaction[0m
  [1m[35m (0.4ms)[0m  CREATE TABLE "calendars" ("id" INTEGER PRIMARY KEY AUTOINCREMENT NOT NULL, "date" datetime, "tips" varchar, "created_at" datetime NOT NULL, "updated_at" datetime NOT NULL) 
  [1m[36mSQL (0.2ms)[0m  [1mINSERT INTO "schema_migrations" ("version") VALUES (?)[0m  [["version", "20150413062454"]]
  [1m[35m (125.0ms)[0m  commit transaction
Migrating to CreateWeathers (20150413063723)
  [1m[36m (0.1ms)[0m  [1mbegin transaction[0m
  [1m[35m (0.1ms)[0m  rollback transaction
  [1m[36mActiveRecord::SchemaMigration Load (0.1ms)[0m  [1mSELECT "schema_migrations".* FROM "schema_migrations"[0m
Migrating to CreateWeathers (20150413063723)
  [1m[35m (0.1ms)[0m  begin transaction
  [1m[36m (0.4ms)[0m  [1mCREATE TABLE "weathers" ("id" INTEGER PRIMARY KEY AUTOINCREMENT NOT NULL, "date" datetime, "main" varchar, "temp" varchar, "temp_max" varchar, "temp_min" varchar, "pressure" varchar, "wind_speed" integer, "wind_direction" varchar, "created_at" datetime NOT NULL, "updated_at" datetime NOT NULL) [0m
  [1m[35mSQL (0.2ms)[0m  INSERT INTO "schema_migrations" ("version") VALUES (?)  [["version", "20150413063723"]]
  [1m[36m (139.0ms)[0m  [1mcommit transaction[0m
  [1m[35mActiveRecord::SchemaMigration Load (0.1ms)[0m  SELECT "schema_migrations".* FROM "schema_migrations"
  [1m[36mActiveRecord::SchemaMigration Load (0.1ms)[0m  [1mSELECT "schema_migrations".* FROM "schema_migrations"[0m
  [1m[35mActiveRecord::SchemaMigration Load (0.1ms)[0m  SELECT "schema_migrations".* FROM "schema_migrations"


Started GET "/" for ::1 at 2015-04-13 15:15:28 +0800
  [1m[36mActiveRecord::SchemaMigration Load (0.1ms)[0m  [1mSELECT "schema_migrations".* FROM "schema_migrations"[0m
Processing by Rails::WelcomeController#index as */*
  Rendered vendor/bundle/ruby/2.1.0/gems/railties-4.2.0/lib/rails/templates/rails/welcome/index.html.erb (1.7ms)
Completed 200 OK in 26ms (Views: 13.7ms | ActiveRecord: 0.0ms)


Started GET "/" for ::1 at 2015-04-13 15:16:38 +0800
Processing by Rails::WelcomeController#index as HTML
  Rendered vendor/bundle/ruby/2.1.0/gems/railties-4.2.0/lib/rails/templates/rails/welcome/index.html.erb (0.8ms)
Completed 200 OK in 2ms (Views: 1.9ms | ActiveRecord: 0.0ms)
  [1m[36mActiveRecord::SchemaMigration Load (0.1ms)[0m  [1mSELECT "schema_migrations".* FROM "schema_migrations"[0m
Migrating to CreateAccuTimes (20150414024513)
  [1m[35m (0.1ms)[0m  begin transaction
  [1m[36m (0.3ms)[0m  [1mCREATE TABLE "accu_times" ("id" INTEGER PRIMARY KEY AUTOINCREMENT NOT NULL, "time" datetime, "created_at" datetime NOT NULL, "updated_at" datetime NOT NULL) [0m
  [1m[35mSQL (0.2ms)[0m  INSERT INTO "schema_migrations" ("version") VALUES (?)  [["version", "20150414024513"]]
  [1m[36m (142.3ms)[0m  [1mcommit transaction[0m
  [1m[35mActiveRecord::SchemaMigration Load (0.1ms)[0m  SELECT "schema_migrations".* FROM "schema_migrations"
  [1m[36m (132.5ms)[0m  [1mCREATE TABLE "accu_times" ("id" INTEGER PRIMARY KEY AUTOINCREMENT NOT NULL, "time" datetime, "created_at" datetime NOT NULL, "updated_at" datetime NOT NULL) [0m
  [1m[35m (125.2ms)[0m  CREATE TABLE "calendars" ("id" INTEGER PRIMARY KEY AUTOINCREMENT NOT NULL, "date" datetime, "tips" varchar, "created_at" datetime NOT NULL, "updated_at" datetime NOT NULL) 
  [1m[36m (133.4ms)[0m  [1mCREATE TABLE "weathers" ("id" INTEGER PRIMARY KEY AUTOINCREMENT NOT NULL, "date" datetime, "main" varchar, "temp" varchar, "temp_max" varchar, "temp_min" varchar, "pressure" varchar, "wind_speed" integer, "wind_direction" varchar, "created_at" datetime NOT NULL, "updated_at" datetime NOT NULL) [0m
  [1m[35m (137.8ms)[0m  CREATE TABLE "schema_migrations" ("version" varchar NOT NULL) 
  [1m[36m (0.1ms)[0m  [1mselect sqlite_version(*)[0m
  [1m[35m (133.5ms)[0m  CREATE UNIQUE INDEX "unique_schema_migrations" ON "schema_migrations" ("version")
  [1m[36m (0.1ms)[0m  [1mSELECT version FROM "schema_migrations"[0m
  [1m[35m (133.8ms)[0m  INSERT INTO "schema_migrations" (version) VALUES ('20150414024513')
  [1m[36m (133.9ms)[0m  [1mINSERT INTO "schema_migrations" (version) VALUES ('20150413063723')[0m
  [1m[35m (133.9ms)[0m  INSERT INTO "schema_migrations" (version) VALUES ('20150413062454')
  [1m[36m (132.6ms)[0m  [1mCREATE TABLE "accu_times" ("id" INTEGER PRIMARY KEY AUTOINCREMENT NOT NULL, "time" datetime, "created_at" datetime NOT NULL, "updated_at" datetime NOT NULL) [0m
  [1m[35m (135.1ms)[0m  CREATE TABLE "calendars" ("id" INTEGER PRIMARY KEY AUTOINCREMENT NOT NULL, "date" datetime, "tips" varchar, "created_at" datetime NOT NULL, "updated_at" datetime NOT NULL) 
  [1m[36m (122.8ms)[0m  [1mCREATE TABLE "weathers" ("id" INTEGER PRIMARY KEY AUTOINCREMENT NOT NULL, "date" datetime, "main" varchar, "temp" varchar, "temp_max" varchar, "temp_min" varchar, "pressure" varchar, "wind_speed" integer, "wind_direction" varchar, "created_at" datetime NOT NULL, "updated_at" datetime NOT NULL) [0m
  [1m[35m (125.1ms)[0m  CREATE TABLE "schema_migrations" ("version" varchar NOT NULL) 
  [1m[36m (0.1ms)[0m  [1mselect sqlite_version(*)[0m
  [1m[35m (125.4ms)[0m  CREATE UNIQUE INDEX "unique_schema_migrations" ON "schema_migrations" ("version")
  [1m[36m (0.1ms)[0m  [1mSELECT version FROM "schema_migrations"[0m
  [1m[35m (125.6ms)[0m  INSERT INTO "schema_migrations" (version) VALUES ('20150414024513')
  [1m[36m (197.4ms)[0m  [1mINSERT INTO "schema_migrations" (version) VALUES ('20150413063723')[0m
  [1m[35m (179.3ms)[0m  INSERT INTO "schema_migrations" (version) VALUES ('20150413062454')
  [1m[36mActiveRecord::SchemaMigration Load (0.1ms)[0m  [1mSELECT "schema_migrations".* FROM "schema_migrations"[0m
  [1m[36mActiveRecord::SchemaMigration Load (0.1ms)[0m  [1mSELECT "schema_migrations".* FROM "schema_migrations"[0m
  [1m[35mActiveRecord::SchemaMigration Load (0.1ms)[0m  SELECT "schema_migrations".* FROM "schema_migrations"
  [1m[36mActiveRecord::SchemaMigration Load (0.1ms)[0m  [1mSELECT "schema_migrations".* FROM "schema_migrations"[0m
  [1m[35mActiveRecord::SchemaMigration Load (0.1ms)[0m  SELECT "schema_migrations".* FROM "schema_migrations"
  [1m[36m (130.8ms)[0m  [1mCREATE TABLE "accu_times" ("id" INTEGER PRIMARY KEY AUTOINCREMENT NOT NULL, "time" datetime, "created_at" datetime NOT NULL, "updated_at" datetime NOT NULL) [0m
  [1m[35m (124.8ms)[0m  CREATE TABLE "calendars" ("id" INTEGER PRIMARY KEY AUTOINCREMENT NOT NULL, "date" datetime, "tips" varchar, "created_at" datetime NOT NULL, "updated_at" datetime NOT NULL) 
  [1m[36m (125.3ms)[0m  [1mCREATE TABLE "weathers" ("id" INTEGER PRIMARY KEY AUTOINCREMENT NOT NULL, "date" datetime, "main" varchar, "temp" varchar, "temp_max" varchar, "temp_min" varchar, "pressure" varchar, "wind_speed" integer, "wind_direction" varchar, "created_at" datetime NOT NULL, "updated_at" datetime NOT NULL) [0m
  [1m[35m (130.0ms)[0m  CREATE TABLE "schema_migrations" ("version" varchar NOT NULL) 
  [1m[36m (0.1ms)[0m  [1mselect sqlite_version(*)[0m
  [1m[35m (133.3ms)[0m  CREATE UNIQUE INDEX "unique_schema_migrations" ON "schema_migrations" ("version")
  [1m[36m (0.1ms)[0m  [1mSELECT version FROM "schema_migrations"[0m
  [1m[35m (133.7ms)[0m  INSERT INTO "schema_migrations" (version) VALUES ('20150414024513')
  [1m[36m (134.2ms)[0m  [1mINSERT INTO "schema_migrations" (version) VALUES ('20150413063723')[0m
  [1m[35m (125.7ms)[0m  INSERT INTO "schema_migrations" (version) VALUES ('20150413062454')
  [1m[36m (124.1ms)[0m  [1mCREATE TABLE "accu_times" ("id" INTEGER PRIMARY KEY AUTOINCREMENT NOT NULL, "time" datetime, "created_at" datetime NOT NULL, "updated_at" datetime NOT NULL) [0m
  [1m[35m (126.6ms)[0m  CREATE TABLE "calendars" ("id" INTEGER PRIMARY KEY AUTOINCREMENT NOT NULL, "date" datetime, "tips" varchar, "created_at" datetime NOT NULL, "updated_at" datetime NOT NULL) 
  [1m[36m (133.7ms)[0m  [1mCREATE TABLE "weathers" ("id" INTEGER PRIMARY KEY AUTOINCREMENT NOT NULL, "date" datetime, "main" varchar, "temp" varchar, "temp_max" varchar, "temp_min" varchar, "pressure" varchar, "wind_speed" integer, "wind_direction" varchar, "created_at" datetime NOT NULL, "updated_at" datetime NOT NULL) [0m
  [1m[35m (138.8ms)[0m  CREATE TABLE "schema_migrations" ("version" varchar NOT NULL) 
  [1m[36m (0.1ms)[0m  [1mselect sqlite_version(*)[0m
  [1m[35m (142.0ms)[0m  CREATE UNIQUE INDEX "unique_schema_migrations" ON "schema_migrations" ("version")
  [1m[36m (0.1ms)[0m  [1mSELECT version FROM "schema_migrations"[0m
  [1m[35m (133.7ms)[0m  INSERT INTO "schema_migrations" (version) VALUES ('20150414024513')
  [1m[36m (134.2ms)[0m  [1mINSERT INTO "schema_migrations" (version) VALUES ('20150413063723')[0m
  [1m[35m (134.0ms)[0m  INSERT INTO "schema_migrations" (version) VALUES ('20150413062454')
  [1m[36mActiveRecord::SchemaMigration Load (0.1ms)[0m  [1mSELECT "schema_migrations".* FROM "schema_migrations"[0m
  [1m[36m (173.8ms)[0m  [1mCREATE TABLE "schema_migrations" ("version" varchar NOT NULL) [0m
  [1m[35m (0.2ms)[0m  select sqlite_version(*)
  [1m[36m (132.7ms)[0m  [1mCREATE UNIQUE INDEX "unique_schema_migrations" ON "schema_migrations" ("version")[0m
  [1m[35mActiveRecord::SchemaMigration Load (0.1ms)[0m  SELECT "schema_migrations".* FROM "schema_migrations"
Migrating to CreateCalendars (20150413062454)
  [1m[36m (0.1ms)[0m  [1mbegin transaction[0m
  [1m[35m (0.4ms)[0m  CREATE TABLE "calendars" ("id" INTEGER PRIMARY KEY AUTOINCREMENT NOT NULL, "time_id" datetime, "tips" varchar, "created_at" datetime NOT NULL, "updated_at" datetime NOT NULL) 
  [1m[36mSQL (0.2ms)[0m  [1mINSERT INTO "schema_migrations" ("version") VALUES (?)[0m  [["version", "20150413062454"]]
  [1m[35m (149.6ms)[0m  commit transaction
Migrating to CreateWeathers (20150413063723)
  [1m[36m (0.1ms)[0m  [1mbegin transaction[0m
  [1m[35m (0.3ms)[0m  CREATE TABLE "weathers" ("id" INTEGER PRIMARY KEY AUTOINCREMENT NOT NULL, "time_id" datetime, "main" varchar, "temp" varchar, "temp_max" varchar, "temp_min" varchar, "pressure" varchar, "wind_speed" integer, "wind_direction" varchar, "created_at" datetime NOT NULL, "updated_at" datetime NOT NULL) 
  [1m[36mSQL (0.1ms)[0m  [1mINSERT INTO "schema_migrations" ("version") VALUES (?)[0m  [["version", "20150413063723"]]
  [1m[35m (139.8ms)[0m  commit transaction
Migrating to CreateAccuTimes (20150414024513)
  [1m[36m (0.1ms)[0m  [1mbegin transaction[0m
  [1m[35m (0.3ms)[0m  CREATE TABLE "accu_times" ("id" INTEGER PRIMARY KEY AUTOINCREMENT NOT NULL, "time" datetime, "created_at" datetime NOT NULL, "updated_at" datetime NOT NULL) 
  [1m[36mSQL (0.1ms)[0m  [1mINSERT INTO "schema_migrations" ("version") VALUES (?)[0m  [["version", "20150414024513"]]
  [1m[35m (132.0ms)[0m  commit transaction
  [1m[36mActiveRecord::SchemaMigration Load (0.1ms)[0m  [1mSELECT "schema_migrations".* FROM "schema_migrations"[0m
  [1m[36m (121.0ms)[0m  [1mCREATE TABLE "accu_times" ("id" INTEGER PRIMARY KEY AUTOINCREMENT NOT NULL, "time" datetime, "created_at" datetime NOT NULL, "updated_at" datetime NOT NULL) [0m
  [1m[35m (125.2ms)[0m  CREATE TABLE "calendars" ("id" INTEGER PRIMARY KEY AUTOINCREMENT NOT NULL, "time_id" datetime, "tips" varchar, "created_at" datetime NOT NULL, "updated_at" datetime NOT NULL) 
  [1m[36m (125.1ms)[0m  [1mCREATE TABLE "weathers" ("id" INTEGER PRIMARY KEY AUTOINCREMENT NOT NULL, "time_id" datetime, "main" varchar, "temp" varchar, "temp_max" varchar, "temp_min" varchar, "pressure" varchar, "wind_speed" integer, "wind_direction" varchar, "created_at" datetime NOT NULL, "updated_at" datetime NOT NULL) [0m
  [1m[35m (139.7ms)[0m  CREATE TABLE "schema_migrations" ("version" varchar NOT NULL) 
  [1m[36m (0.1ms)[0m  [1mselect sqlite_version(*)[0m
  [1m[35m (173.5ms)[0m  CREATE UNIQUE INDEX "unique_schema_migrations" ON "schema_migrations" ("version")
  [1m[36m (0.2ms)[0m  [1mSELECT version FROM "schema_migrations"[0m
  [1m[35m (143.4ms)[0m  INSERT INTO "schema_migrations" (version) VALUES ('20150414024513')
  [1m[36m (133.9ms)[0m  [1mINSERT INTO "schema_migrations" (version) VALUES ('20150413063723')[0m
  [1m[35m (125.7ms)[0m  INSERT INTO "schema_migrations" (version) VALUES ('20150413062454')
  [1m[36m (124.4ms)[0m  [1mCREATE TABLE "accu_times" ("id" INTEGER PRIMARY KEY AUTOINCREMENT NOT NULL, "time" datetime, "created_at" datetime NOT NULL, "updated_at" datetime NOT NULL) [0m
  [1m[35m (125.1ms)[0m  CREATE TABLE "calendars" ("id" INTEGER PRIMARY KEY AUTOINCREMENT NOT NULL, "time_id" datetime, "tips" varchar, "created_at" datetime NOT NULL, "updated_at" datetime NOT NULL) 
  [1m[36m (122.7ms)[0m  [1mCREATE TABLE "weathers" ("id" INTEGER PRIMARY KEY AUTOINCREMENT NOT NULL, "time_id" datetime, "main" varchar, "temp" varchar, "temp_max" varchar, "temp_min" varchar, "pressure" varchar, "wind_speed" integer, "wind_direction" varchar, "created_at" datetime NOT NULL, "updated_at" datetime NOT NULL) [0m
  [1m[35m (125.1ms)[0m  CREATE TABLE "schema_migrations" ("version" varchar NOT NULL) 
  [1m[36m (0.1ms)[0m  [1mselect sqlite_version(*)[0m
  [1m[35m (125.2ms)[0m  CREATE UNIQUE INDEX "unique_schema_migrations" ON "schema_migrations" ("version")
  [1m[36m (0.1ms)[0m  [1mSELECT version FROM "schema_migrations"[0m
  [1m[35m (125.3ms)[0m  INSERT INTO "schema_migrations" (version) VALUES ('20150414024513')
  [1m[36m (127.1ms)[0m  [1mINSERT INTO "schema_migrations" (version) VALUES ('20150413063723')[0m
  [1m[35m (134.1ms)[0m  INSERT INTO "schema_migrations" (version) VALUES ('20150413062454')
  [1m[36mActiveRecord::SchemaMigration Load (0.1ms)[0m  [1mSELECT "schema_migrations".* FROM "schema_migrations"[0m
  [1m[36mActiveRecord::SchemaMigration Load (0.1ms)[0m  [1mSELECT "schema_migrations".* FROM "schema_migrations"[0m
  [1m[35mActiveRecord::SchemaMigration Load (0.1ms)[0m  SELECT "schema_migrations".* FROM "schema_migrations"
  [1m[36mActiveRecord::SchemaMigration Load (0.1ms)[0m  [1mSELECT "schema_migrations".* FROM "schema_migrations"[0m
  [1m[35mActiveRecord::SchemaMigration Load (0.1ms)[0m  SELECT "schema_migrations".* FROM "schema_migrations"
  [1m[36m (133.0ms)[0m  [1mCREATE TABLE "schema_migrations" ("version" varchar NOT NULL) [0m
  [1m[35m (0.1ms)[0m  select sqlite_version(*)
  [1m[36m (125.0ms)[0m  [1mCREATE UNIQUE INDEX "unique_schema_migrations" ON "schema_migrations" ("version")[0m
  [1m[35mActiveRecord::SchemaMigration Load (0.1ms)[0m  SELECT "schema_migrations".* FROM "schema_migrations"
Migrating to CreateCalendars (20150413062454)
  [1m[36m (0.1ms)[0m  [1mbegin transaction[0m
  [1m[35m (0.4ms)[0m  CREATE TABLE "calendars" ("id" INTEGER PRIMARY KEY AUTOINCREMENT NOT NULL, "accu_time_id" datetime, "tips" varchar, "created_at" datetime NOT NULL, "updated_at" datetime NOT NULL) 
  [1m[36mSQL (0.2ms)[0m  [1mINSERT INTO "schema_migrations" ("version") VALUES (?)[0m  [["version", "20150413062454"]]
  [1m[35m (125.3ms)[0m  commit transaction
Migrating to CreateWeathers (20150413063723)
  [1m[36m (0.1ms)[0m  [1mbegin transaction[0m
  [1m[35m (0.3ms)[0m  CREATE TABLE "weathers" ("id" INTEGER PRIMARY KEY AUTOINCREMENT NOT NULL, "accu_time_id" datetime, "main" varchar, "temp" varchar, "temp_max" varchar, "temp_min" varchar, "pressure" varchar, "wind_speed" integer, "wind_direction" varchar, "created_at" datetime NOT NULL, "updated_at" datetime NOT NULL) 
  [1m[36mSQL (0.2ms)[0m  [1mINSERT INTO "schema_migrations" ("version") VALUES (?)[0m  [["version", "20150413063723"]]
  [1m[35m (123.0ms)[0m  commit transaction
Migrating to CreateAccuTimes (20150414024513)
  [1m[36m (0.1ms)[0m  [1mbegin transaction[0m
  [1m[35m (0.3ms)[0m  CREATE TABLE "accu_times" ("id" INTEGER PRIMARY KEY AUTOINCREMENT NOT NULL, "time" datetime, "created_at" datetime NOT NULL, "updated_at" datetime NOT NULL) 
  [1m[36mSQL (0.1ms)[0m  [1mINSERT INTO "schema_migrations" ("version") VALUES (?)[0m  [["version", "20150414024513"]]
  [1m[35m (123.2ms)[0m  commit transaction
  [1m[36mActiveRecord::SchemaMigration Load (0.1ms)[0m  [1mSELECT "schema_migrations".* FROM "schema_migrations"[0m
  [1m[36mActiveRecord::SchemaMigration Load (0.1ms)[0m  [1mSELECT "schema_migrations".* FROM "schema_migrations"[0m
Migrating to ToWeather (25)
  [1m[36mActiveRecord::SchemaMigration Load (0.1ms)[0m  [1mSELECT "schema_migrations".* FROM "schema_migrations"[0m
Migrating to AddPmToWeather (20150414112033)
  [1m[35m (0.1ms)[0m  begin transaction
  [1m[36m (0.5ms)[0m  [1mALTER TABLE "weather" ADD "pm25" integer[0m
SQLite3::SQLException: no such table: weather: ALTER TABLE "weather" ADD "pm25" integer
  [1m[35m (0.1ms)[0m  rollback transaction
  [1m[36mActiveRecord::SchemaMigration Load (0.1ms)[0m  [1mSELECT "schema_migrations".* FROM "schema_migrations"[0m
Migrating to AddPmToWeather (20150414112033)
  [1m[35m (0.1ms)[0m  begin transaction
  [1m[36m (0.4ms)[0m  [1mALTER TABLE "weathers" ADD "pm25" integer[0m
  [1m[35mSQL (0.3ms)[0m  INSERT INTO "schema_migrations" ("version") VALUES (?)  [["version", "20150414112033"]]
  [1m[36m (130.4ms)[0m  [1mcommit transaction[0m
  [1m[35mActiveRecord::SchemaMigration Load (0.1ms)[0m  SELECT "schema_migrations".* FROM "schema_migrations"
  [1m[36mActiveRecord::SchemaMigration Load (0.1ms)[0m  [1mSELECT "schema_migrations".* FROM "schema_migrations"[0m
Migrating to UpdateColumnInWeather (20150414113123)
  [1m[35m (0.1ms)[0m  begin transaction
  [1m[36m (0.4ms)[0m  [1mCREATE TEMPORARY TABLE "aweathers" ("id" INTEGER PRIMARY KEY AUTOINCREMENT NOT NULL, "accu_time_id" datetime, "main" varchar, "temp" varchar, "temp_max" varchar, "temp_min" varchar, "pressure" varchar, "wind_speed" integer, "wind_direction" varchar, "created_at" datetime NOT NULL, "updated_at" datetime NOT NULL, "pm25" integer) [0m
  [1m[35m (0.1ms)[0m  SELECT * FROM "weathers"
  [1m[36m (0.2ms)[0m  [1mDROP TABLE "weathers"[0m
  [1m[35m (0.2ms)[0m  CREATE TABLE "weathers" ("id" INTEGER PRIMARY KEY AUTOINCREMENT NOT NULL, "accu_time_id" datetime, "main" varchar, "temp" varchar, "temp_max" varchar, "temp_min" varchar, "pressure" varchar, "wind_speed" integer, "created_at" datetime NOT NULL, "updated_at" datetime NOT NULL, "pm25" integer) 
  [1m[36m (0.1ms)[0m  [1mSELECT * FROM "aweathers"[0m
  [1m[35m (0.2ms)[0m  DROP TABLE "aweathers"
  [1m[36m (0.2ms)[0m  [1mALTER TABLE "weathers" ADD "wind_degree" integer[0m
  [1m[35mSQL (0.2ms)[0m  INSERT INTO "schema_migrations" ("version") VALUES (?)  [["version", "20150414113123"]]
  [1m[36m (138.6ms)[0m  [1mcommit transaction[0m
  [1m[35mActiveRecord::SchemaMigration Load (0.1ms)[0m  SELECT "schema_migrations".* FROM "schema_migrations"
  [1m[36m (0.2ms)[0m  [1mbegin transaction[0m
  [1m[35m (0.1ms)[0m  rollback transaction
  [1m[36m (0.2ms)[0m  [1mbegin transaction[0m
  [1m[35m (0.1ms)[0m  rollback transaction
  [1m[36m (0.1ms)[0m  [1mbegin transaction[0m
  [1m[35mSQL (0.4ms)[0m  INSERT INTO "accu_times" ("time", "created_at", "updated_at") VALUES (?, ?, ?)  [["time", "2015-04-14 07:50:16.732207"], ["created_at", "2015-04-14 07:50:49.840330"], ["updated_at", "2015-04-14 07:50:49.840330"]]
  [1m[36m (129.3ms)[0m  [1mcommit transaction[0m
  [1m[36m (0.1ms)[0m  [1mbegin transaction[0m
  [1m[35m (0.1ms)[0m  rollback transaction
  [1m[36m (0.1ms)[0m  [1mbegin transaction[0m
  [1m[35mSQL (0.4ms)[0m  INSERT INTO "accu_times" ("time", "created_at", "updated_at") VALUES (?, ?, ?)  [["time", "2015-04-14 07:51:09.211450"], ["created_at", "2015-04-14 07:51:11.260217"], ["updated_at", "2015-04-14 07:51:11.260217"]]
  [1m[36m (122.3ms)[0m  [1mcommit transaction[0m
  [1m[35mAccuTime Load (0.2ms)[0m  SELECT  "accu_times".* FROM "accu_times" LIMIT 1
  [1m[36m (0.1ms)[0m  [1mbegin transaction[0m
  [1m[35m (0.1ms)[0m  rollback transaction
  [1m[36m (0.1ms)[0m  [1mbegin transaction[0m
  [1m[35m (0.1ms)[0m  rollback transaction
  [1m[36m (0.1ms)[0m  [1mbegin transaction[0m
  [1m[35m (0.1ms)[0m  rollback transaction
